e:\coursework\coursework\x64\debug\vc141.pdb
e:\coursework\coursework\x64\debug\vc141.idb
e:\coursework\coursework\x64\debug\videoinfo.obj
e:\coursework\coursework\x64\debug\usagemonitoring.obj
e:\coursework\coursework\x64\debug\time.obj
e:\coursework\coursework\x64\debug\systeminfo.obj
e:\coursework\coursework\x64\debug\processinfo.obj
e:\coursework\coursework\x64\debug\networkinfo.obj
e:\coursework\coursework\x64\debug\menu.obj
e:\coursework\coursework\x64\debug\memoryinfo.obj
e:\coursework\coursework\x64\debug\file.obj
e:\coursework\coursework\x64\debug\diskinfo.obj
e:\coursework\coursework\x64\debug\deviceinfo.obj
e:\coursework\coursework\x64\debug\cpuinfo.obj
e:\coursework\coursework\x64\debug\coursework.obj
e:\coursework\x64\debug\coursework.exe
e:\coursework\x64\debug\coursework.ilk
e:\coursework\x64\debug\coursework.pdb
e:\coursework\coursework\x64\debug\coursework.tlog\cl.command.1.tlog
e:\coursework\coursework\x64\debug\coursework.tlog\cl.read.1.tlog
e:\coursework\coursework\x64\debug\coursework.tlog\cl.write.1.tlog
e:\coursework\coursework\x64\debug\coursework.tlog\link.command.1.tlog
e:\coursework\coursework\x64\debug\coursework.tlog\link.read.1.tlog
e:\coursework\coursework\x64\debug\coursework.tlog\link.write.1.tlog
